<?xml version="1.0" encoding="UTF-8"?>
<testng-results skipped="0" failed="0" ignored="0" total="1" passed="1">
  <reporter-output>
  </reporter-output>
  <suite name="Suite" duration-ms="15639" started-at="2017-06-22T16:32:50Z" finished-at="2017-06-22T16:33:06Z">
    <groups>
    </groups>
    <test name="Test" duration-ms="15639" started-at="2017-06-22T16:32:50Z" finished-at="2017-06-22T16:33:06Z">
      <class name="testNG.NewTest">
        <test-method status="PASS" signature="beforeTest()[pri:0, instance:testNG.NewTest@2d209079]" name="beforeTest" is-config="true" duration-ms="8783" started-at="2017-06-22T22:02:50Z" finished-at="2017-06-22T22:02:59Z">
          <reporter-output>
          </reporter-output>
        </test-method> <!-- beforeTest -->
        <test-method status="PASS" signature="testEasy()[pri:0, instance:testNG.NewTest@2d209079]" name="testEasy" duration-ms="6820" started-at="2017-06-22T22:02:59Z" finished-at="2017-06-22T22:03:06Z">
          <reporter-output>
          </reporter-output>
        </test-method> <!-- testEasy -->
        <test-method status="PASS" signature="afterTest()[pri:0, instance:testNG.NewTest@2d209079]" name="afterTest" is-config="true" duration-ms="0" started-at="2017-06-22T22:03:06Z" finished-at="2017-06-22T22:03:06Z">
          <reporter-output>
          </reporter-output>
        </test-method> <!-- afterTest -->
      </class> <!-- testNG.NewTest -->
    </test> <!-- Test -->
  </suite> <!-- Suite -->
</testng-results>
