<?xml version="1.0" encoding="UTF-8"?>
<testng-results skipped="0" failed="0" ignored="0" total="1" passed="1">
  <reporter-output>
  </reporter-output>
  <suite name="Default suite" duration-ms="9816" started-at="2017-06-22T13:31:35Z" finished-at="2017-06-22T13:31:44Z">
    <groups>
    </groups>
    <test name="Default test" duration-ms="9816" started-at="2017-06-22T13:31:35Z" finished-at="2017-06-22T13:31:44Z">
      <class name="testNG.NewTest">
        <test-method status="PASS" signature="beforeTest()[pri:0, instance:testNG.NewTest@475530b9]" name="beforeTest" is-config="true" duration-ms="5514" started-at="2017-06-22T19:01:35Z" finished-at="2017-06-22T19:01:40Z">
          <reporter-output>
          </reporter-output>
        </test-method> <!-- beforeTest -->
        <test-method status="PASS" signature="testEasy()[pri:0, instance:testNG.NewTest@475530b9]" name="testEasy" duration-ms="4254" started-at="2017-06-22T19:01:40Z" finished-at="2017-06-22T19:01:44Z">
          <reporter-output>
          </reporter-output>
        </test-method> <!-- testEasy -->
        <test-method status="PASS" signature="afterTest()[pri:0, instance:testNG.NewTest@475530b9]" name="afterTest" is-config="true" duration-ms="0" started-at="2017-06-22T19:01:44Z" finished-at="2017-06-22T19:01:44Z">
          <reporter-output>
          </reporter-output>
        </test-method> <!-- afterTest -->
      </class> <!-- testNG.NewTest -->
    </test> <!-- Default test -->
  </suite> <!-- Default suite -->
</testng-results>
